2022-03-16 13:26:03,719 INFO com.manager.purchaseManager.mail.MailManager [main] Find 10 messages
2022-03-16 13:26:05,546 INFO com.manager.purchaseManager.mail.MailManager [main] The purchase reading is completed. Read 23 products. Date of purchase Sun Sep 12 13:03:52 MSK 2021
2022-03-16 13:26:06,386 INFO com.manager.purchaseManager.mail.MailManager [main] The purchase reading is completed. Read 5 products. Date of purchase Fri Sep 10 20:19:03 MSK 2021
2022-03-16 13:26:07,211 INFO com.manager.purchaseManager.mail.MailManager [main] The purchase reading is completed. Read 7 products. Date of purchase Wed Sep 15 21:24:57 MSK 2021
2022-03-16 13:26:08,367 INFO com.manager.purchaseManager.mail.MailManager [main] The purchase reading is completed. Read 14 products. Date of purchase Sat Sep 18 14:36:04 MSK 2021
2022-03-16 13:26:09,255 INFO com.manager.purchaseManager.mail.MailManager [main] The purchase reading is completed. Read 8 products. Date of purchase Sat Sep 25 21:48:09 MSK 2021
2022-03-16 13:26:10,251 INFO com.manager.purchaseManager.mail.MailManager [main] The purchase reading is completed. Read 11 products. Date of purchase Tue Sep 28 20:10:56 MSK 2021
2022-03-16 13:26:11,407 INFO com.manager.purchaseManager.mail.MailManager [main] The purchase reading is completed. Read 14 products. Date of purchase Wed Oct 06 21:12:36 MSK 2021
2022-03-16 13:26:12,974 INFO com.manager.purchaseManager.mail.MailManager [main] The purchase reading is completed. Read 20 products. Date of purchase Sun Oct 10 19:27:03 MSK 2021
2022-03-16 13:26:13,548 INFO com.manager.purchaseManager.mail.MailManager [main] The purchase reading is completed. Read 3 products. Date of purchase Fri Oct 15 23:08:33 MSK 2021
2022-03-16 13:26:15,325 INFO com.manager.purchaseManager.mail.MailManager [main] The purchase reading is completed. Read 19 products. Date of purchase Fri Oct 15 23:10:40 MSK 2021
2022-03-16 13:34:51,347 INFO com.manager.purchaseManager.mail.MailManager [main] Find 10 messages
2022-03-16 13:34:53,000 INFO com.manager.purchaseManager.mail.MailManager [main] The purchase reading is completed. Read 23 products. Date of purchase Sun Sep 12 13:03:52 MSK 2021
2022-03-16 13:34:53,680 INFO com.manager.purchaseManager.mail.MailManager [main] The purchase reading is completed. Read 5 products. Date of purchase Fri Sep 10 20:19:03 MSK 2021
2022-03-16 13:34:54,473 INFO com.manager.purchaseManager.mail.MailManager [main] The purchase reading is completed. Read 7 products. Date of purchase Wed Sep 15 21:24:57 MSK 2021
2022-03-16 13:34:55,721 INFO com.manager.purchaseManager.mail.MailManager [main] The purchase reading is completed. Read 14 products. Date of purchase Sat Sep 18 14:36:04 MSK 2021
2022-03-16 13:34:57,252 INFO com.manager.purchaseManager.mail.MailManager [main] The purchase reading is completed. Read 8 products. Date of purchase Sat Sep 25 21:48:09 MSK 2021
2022-03-16 13:34:58,227 INFO com.manager.purchaseManager.mail.MailManager [main] The purchase reading is completed. Read 11 products. Date of purchase Tue Sep 28 20:10:56 MSK 2021
2022-03-16 13:34:59,509 INFO com.manager.purchaseManager.mail.MailManager [main] The purchase reading is completed. Read 14 products. Date of purchase Wed Oct 06 21:12:36 MSK 2021
2022-03-16 13:35:01,050 INFO com.manager.purchaseManager.mail.MailManager [main] The purchase reading is completed. Read 20 products. Date of purchase Sun Oct 10 19:27:03 MSK 2021
2022-03-16 13:35:01,640 INFO com.manager.purchaseManager.mail.MailManager [main] The purchase reading is completed. Read 3 products. Date of purchase Fri Oct 15 23:08:33 MSK 2021
2022-03-16 13:35:03,313 INFO com.manager.purchaseManager.mail.MailManager [main] The purchase reading is completed. Read 19 products. Date of purchase Fri Oct 15 23:10:40 MSK 2021
2022-03-16 20:57:56,744 INFO com.manager.purchaseManager.mail.MailManager [main] Find 10 messages
2022-03-16 20:57:58,663 INFO com.manager.purchaseManager.mail.MailManager [main] The purchase reading is completed. Read 23 products. Date of purchase Sun Sep 12 13:03:52 MSK 2021
2022-03-16 20:57:59,510 INFO com.manager.purchaseManager.mail.MailManager [main] The purchase reading is completed. Read 5 products. Date of purchase Fri Sep 10 20:19:03 MSK 2021
2022-03-16 20:58:00,451 INFO com.manager.purchaseManager.mail.MailManager [main] The purchase reading is completed. Read 7 products. Date of purchase Wed Sep 15 21:24:57 MSK 2021
2022-03-16 20:58:01,687 INFO com.manager.purchaseManager.mail.MailManager [main] The purchase reading is completed. Read 14 products. Date of purchase Sat Sep 18 14:36:04 MSK 2021
2022-03-16 20:58:02,493 INFO com.manager.purchaseManager.mail.MailManager [main] The purchase reading is completed. Read 8 products. Date of purchase Sat Sep 25 21:48:09 MSK 2021
2022-03-16 20:58:03,526 INFO com.manager.purchaseManager.mail.MailManager [main] The purchase reading is completed. Read 11 products. Date of purchase Tue Sep 28 20:10:56 MSK 2021
2022-03-16 20:58:04,741 INFO com.manager.purchaseManager.mail.MailManager [main] The purchase reading is completed. Read 14 products. Date of purchase Wed Oct 06 21:12:36 MSK 2021
2022-03-16 20:58:06,401 INFO com.manager.purchaseManager.mail.MailManager [main] The purchase reading is completed. Read 20 products. Date of purchase Sun Oct 10 19:27:03 MSK 2021
2022-03-16 20:58:07,088 INFO com.manager.purchaseManager.mail.MailManager [main] The purchase reading is completed. Read 3 products. Date of purchase Fri Oct 15 23:08:33 MSK 2021
2022-03-16 20:58:08,751 INFO com.manager.purchaseManager.mail.MailManager [main] The purchase reading is completed. Read 19 products. Date of purchase Fri Oct 15 23:10:40 MSK 2021
2022-03-16 20:59:24,806 INFO com.manager.purchaseManager.mail.MailManager [main] Find 10 messages
2022-03-16 20:59:26,691 INFO com.manager.purchaseManager.mail.MailManager [main] The purchase reading is completed. Read 23 products. Date of purchase Sun Sep 12 13:03:52 MSK 2021
2022-03-16 20:59:27,585 INFO com.manager.purchaseManager.mail.MailManager [main] The purchase reading is completed. Read 5 products. Date of purchase Fri Sep 10 20:19:03 MSK 2021
2022-03-16 20:59:28,401 INFO com.manager.purchaseManager.mail.MailManager [main] The purchase reading is completed. Read 7 products. Date of purchase Wed Sep 15 21:24:57 MSK 2021
2022-03-16 20:59:29,651 INFO com.manager.purchaseManager.mail.MailManager [main] The purchase reading is completed. Read 14 products. Date of purchase Sat Sep 18 14:36:04 MSK 2021
2022-03-16 20:59:30,460 INFO com.manager.purchaseManager.mail.MailManager [main] The purchase reading is completed. Read 8 products. Date of purchase Sat Sep 25 21:48:09 MSK 2021
2022-03-16 20:59:31,480 INFO com.manager.purchaseManager.mail.MailManager [main] The purchase reading is completed. Read 11 products. Date of purchase Tue Sep 28 20:10:56 MSK 2021
2022-03-16 20:59:32,720 INFO com.manager.purchaseManager.mail.MailManager [main] The purchase reading is completed. Read 14 products. Date of purchase Wed Oct 06 21:12:36 MSK 2021
2022-03-16 20:59:34,471 INFO com.manager.purchaseManager.mail.MailManager [main] The purchase reading is completed. Read 20 products. Date of purchase Sun Oct 10 19:27:03 MSK 2021
2022-03-16 20:59:35,164 INFO com.manager.purchaseManager.mail.MailManager [main] The purchase reading is completed. Read 3 products. Date of purchase Fri Oct 15 23:08:33 MSK 2021
2022-03-16 20:59:36,925 INFO com.manager.purchaseManager.mail.MailManager [main] The purchase reading is completed. Read 19 products. Date of purchase Fri Oct 15 23:10:40 MSK 2021
